<?xml version="1.0" encoding="UTF-8"?>
<testsuite xmlns:xsi="http://www.w3.org/2001/XMLSchema-instance" xsi:noNamespaceSchemaLocation="https://maven.apache.org/surefire/maven-surefire-plugin/xsd/surefire-test-report.xsd" name="ru.yandex.praktikum.sprintseven.model.CreatingOrderTest" time="26.625" tests="8" errors="0" skipped="0" failures="0">
  <properties>
[...]
</properties>
  <testcase name="getAllOrdersArrayWithOrdersNotEmpty[0]" classname="ru.yandex.praktikum.sprintseven.model.CreatingOrderTest" time="10.568"/>
  <testcase name="сreateOrderPositiveResult[0]" classname="ru.yandex.praktikum.sprintseven.model.CreatingOrderTest" time="0.368"/>
  <testcase name="getAllOrdersArrayWithOrdersNotEmpty[1]" classname="ru.yandex.praktikum.sprintseven.model.CreatingOrderTest" time="4.551"/>
  <testcase name="сreateOrderPositiveResult[1]" classname="ru.yandex.praktikum.sprintseven.model.CreatingOrderTest" time="0.164"/>
  <testcase name="getAllOrdersArrayWithOrdersNotEmpty[2]" classname="ru.yandex.praktikum.sprintseven.model.CreatingOrderTest" time="5.471"/>
  <testcase name="сreateOrderPositiveResult[2]" classname="ru.yandex.praktikum.sprintseven.model.CreatingOrderTest" time="0.202"/>
  <testcase name="getAllOrdersArrayWithOrdersNotEmpty[3]" classname="ru.yandex.praktikum.sprintseven.model.CreatingOrderTest" time="4.664"/>
  <testcase name="сreateOrderPositiveResult[3]" classname="ru.yandex.praktikum.sprintseven.model.CreatingOrderTest" time="0.167"/>
</testsuite>